  main.cpp
C:\Users\Qwerty\source\repos\liquid_net\liquid_net\Buffer.h(15,47): warning C4018: >=: несоответствие типов со знаком и без знака
C:\Users\Qwerty\source\repos\liquid_net\liquid_net\Buffer.h(69,22): warning C4018: <: несоответствие типов со знаком и без знака
C:\Users\Qwerty\source\repos\liquid_net\liquid_net\SocketLayer.h(7,1): warning C4067: непредвиденные лексемы за директивой препроцессора, требуется newline
C:\Program Files (x86)\Windows Kits\10\Include\10.0.18362.0\um\winsock.h(374,1): warning C4005: INVALID_SOCKET: изменение макроопределения
C:\Users\Qwerty\source\repos\liquid_net\liquid_net\SocketLayer.h(4): message : см. предыдущее определение "INVALID_SOCKET"
C:\Users\Qwerty\source\repos\liquid_net\liquid_net\UdpTraficGuide.h(7,1): warning C4067: непредвиденные лексемы за директивой препроцессора, требуется newline
  Buffer.cpp
  ByteStream.cpp
  DebugBuffer.cpp
C:\Users\Qwerty\source\repos\liquid_net\liquid_net\DebugBuffer.cpp(8,20): warning C4018: <: несоответствие типов со знаком и без знака
  Packet.cpp
C:\Users\Qwerty\source\repos\liquid_net\liquid_net\Buffer.h(62,22): warning C4018: <: несоответствие типов со знаком и без знака
C:\Users\Qwerty\source\repos\liquid_net\liquid_net\Buffer.h(97): message : выполняется компиляция ссылки на экземпляр шаблон функции "void SafeReader::Read<T>(unsigned char *,unsigned int,unsigned int,T &,unsigned int)"
          with
          [
              T=unsigned char
          ]
C:\Users\Qwerty\source\repos\liquid_net\liquid_net\ByteStream.h(38): message : выполняется компиляция ссылки на экземпляр шаблон функции "void Buffer<SafeAppender,SafeReader>::Read<T>(T &,unsigned int,unsigned int)"
          with
          [
              T=unsigned char
          ]
C:\Users\Qwerty\source\repos\liquid_net\liquid_net\ByteStream.h(38): message : выполняется компиляция ссылки на экземпляр шаблон функции "void Buffer<SafeAppender,SafeReader>::Read<T>(T &,unsigned int,unsigned int)"
          with
          [
              T=unsigned char
          ]
C:\Users\Qwerty\source\repos\liquid_net\liquid_net\Packet.cpp(15): message : выполняется компиляция ссылки на экземпляр шаблон функции "void ByteStream::Read<unsigned char>(T &,unsigned int)"
          with
          [
              T=unsigned char
          ]
  PacketQueue.cpp
  SocketLayer.cpp
C:\Users\Qwerty\source\repos\liquid_net\liquid_net\SocketLayer.cpp(7,1): warning C4067: непредвиденные лексемы за директивой препроцессора, требуется newline
C:\Users\Qwerty\source\repos\liquid_net\liquid_net\SocketLayer.cpp(15,1): warning C4067: непредвиденные лексемы за директивой препроцессора, требуется newline
C:\Users\Qwerty\source\repos\liquid_net\liquid_net\SocketLayer.cpp(45,22): warning C4101: cli: неиспользованная локальная переменная
  UdpClient.cpp
  UdpTraficGuide.cpp
  Создание кода...
  liquid_net.vcxproj -> C:\Users\Qwerty\source\repos\liquid_net\Debug\liquid_net.exe
